<?xml version="1.0" encoding="UTF-8"?>
<testsuite xmlns:xsi="http://www.w3.org/2001/XMLSchema-instance" xsi:noNamespaceSchemaLocation="https://maven.apache.org/surefire/maven-surefire-plugin/xsd/surefire-test-report-3.0.xsd" version="3.0" name="PublicBasicsTest" time="0.02" tests="3" errors="2" skipped="0" failures="0">
  <properties>
[...]
</properties>
  <testcase name="addObstacle_outOfBounds_throws_andStateUnchanged" classname="PublicBasicsTest" time="0.003">
    <error message="Not implemented yet" type="java.lang.UnsupportedOperationException"><![CDATA[java.lang.UnsupportedOperationException: Not implemented yet
	at cityrescue.CityRescueImpl.getStatus(CityRescueImpl.java:309)
	at PublicBasicsTest.addObstacle_outOfBounds_throws_andStateUnchanged(PublicBasicsTest.java:34)
	at java.base/java.lang.reflect.Method.invoke(Method.java:569)
	at java.base/java.util.ArrayList.forEach(ArrayList.java:1511)
	at java.base/java.util.ArrayList.forEach(ArrayList.java:1511)
]]></error>
  </testcase>
  <testcase name="initialise_setsGridSize_andResetsTick" classname="PublicBasicsTest" time="0.006">
    <error message="Not implemented yet" type="java.lang.UnsupportedOperationException"><![CDATA[java.lang.UnsupportedOperationException: Not implemented yet
	at cityrescue.CityRescueImpl.getStatus(CityRescueImpl.java:309)
	at PublicBasicsTest.initialise_setsGridSize_andResetsTick(PublicBasicsTest.java:21)
	at java.base/java.lang.reflect.Method.invoke(Method.java:569)
	at java.base/java.util.ArrayList.forEach(ArrayList.java:1511)
	at java.base/java.util.ArrayList.forEach(ArrayList.java:1511)
]]></error>
  </testcase>
  <testcase name="addStation_assignsIdStartingAt1" classname="PublicBasicsTest" time="0.001"/>
</testsuite>